<?xml version="1.0" encoding="UTF-8"?>
<testng-results ignored="0" total="1" passed="1" failed="0" skipped="0">
  <reporter-output>
  </reporter-output>
  <suite started-at="2023-08-12T12:38:40 IST" name="ExceptionsTests" finished-at="2023-08-12T12:40:04 IST" duration-ms="84085">
    <groups>
    </groups>
    <test started-at="2023-08-12T12:38:40 IST" name="ExceptionsTests" finished-at="2023-08-12T12:40:04 IST" duration-ms="84085">
      <class name="com.herokuapp.theinternet.ExceptionsTests">
        <test-method is-config="true" signature="setUp(java.lang.String)[pri:0, instance:com.herokuapp.theinternet.ExceptionsTests@2a3b5b47]" started-at="2023-08-12T12:38:40 IST" name="setUp" finished-at="2023-08-12T12:38:48 IST" duration-ms="8431" status="PASS">
          <params>
            <param index="0">
              <value>
                <![CDATA[chrome]]>
              </value>
            </param>
          </params>
          <reporter-output>
          </reporter-output>
        </test-method> <!-- setUp -->
        <test-method signature="invalidElementStateExceptionTest()[pri:0, instance:com.herokuapp.theinternet.ExceptionsTests@2a3b5b47]" started-at="2023-08-12T12:38:48 IST" name="invalidElementStateExceptionTest" finished-at="2023-08-12T12:40:03 IST" duration-ms="74872" status="PASS">
          <reporter-output>
          </reporter-output>
        </test-method> <!-- invalidElementStateExceptionTest -->
        <test-method is-config="true" signature="tearDown()[pri:0, instance:com.herokuapp.theinternet.ExceptionsTests@2a3b5b47]" started-at="2023-08-12T12:40:03 IST" name="tearDown" finished-at="2023-08-12T12:40:04 IST" duration-ms="692" status="PASS">
          <reporter-output>
          </reporter-output>
        </test-method> <!-- tearDown -->
      </class> <!-- com.herokuapp.theinternet.ExceptionsTests -->
    </test> <!-- ExceptionsTests -->
  </suite> <!-- ExceptionsTests -->
</testng-results>
