<?xml version="1.0" encoding="UTF-8"?>
<!-- Generated by org.testng.reporters.JUnitXMLReporter -->
<testsuite ignored="1" hostname="DESKTOP-SV9CFRI" failures="0" tests="1" name="NegativePasswordTests" time="9.427" errors="0" timestamp="2023-08-11T16:05:15 IST">
  <testcase classname="com.herokuapp.theinternet.LoginTests" name="negativeLoginTest" time="1.347"/>
  <testcase classname="com.herokuapp.theinternet.LoginTests" name="positiveLoginTest" time="0.0">
    <ignored/>
  </testcase> <!-- positiveLoginTest -->
</testsuite> <!-- NegativePasswordTests -->
